<?xml version="1.0" encoding="UTF-8"?>
<!-- Generated by org.testng.reporters.JUnitXMLReporter -->
<testsuite ignored="0" hostname="DESKTOP-O07KPJ2" failures="0" tests="1" name="Default test" time="7.066" errors="0" timestamp="2022-11-05T18:46:57 IST">
  <testcase classname="FlipkartTest.TestLogin" name="@BeforeClass openBrowser" time="6.835">
    <failure type="org.openqa.selenium.SessionNotCreatedException" message="session not created: This version of ChromeDriver only supports Chrome version 105
Current browser version is 107.0.5304.88 with binary path C:\Program Files (x86)\Google\Chrome\Application\chrome.exe
Build info: version: &amp;apos;3.141.59&amp;apos;, revision: &amp;apos;e82be7d358&amp;apos;, time: &amp;apos;2018-11-14T08:17:03&amp;apos;
System info: host: &amp;apos;DESKTOP-O07KPJ2&amp;apos;, ip: &amp;apos;192.168.81.120&amp;apos;, os.name: &amp;apos;Windows 10&amp;apos;, os.arch: &amp;apos;amd64&amp;apos;, os.version: &amp;apos;10.0&amp;apos;, java.version: &amp;apos;19&amp;apos;
Driver info: driver.version: ChromeDriver
remote stacktrace: Backtrace:
	Ordinal0 [0x00C6DF13+2219795]
	Ordinal0 [0x00C02841+1779777]
	Ordinal0 [0x00B1423D+803389]
	Ordinal0 [0x00B364AC+943276]
	Ordinal0 [0x00B319F0+924144]
	Ordinal0 [0x00B2F179+913785]
	Ordinal0 [0x00B636B9+1128121]
	Ordinal0 [0x00B6331A+1127194]
	Ordinal0 [0x00B5E616+1107478]
	Ordinal0 [0x00B37F89+950153]
	Ordinal0 [0x00B38F56+954198]
	GetHandleVerifier [0x00F62CB2+3040210]
	GetHandleVerifier [0x00F52BB4+2974420]
	GetHandleVerifier [0x00D06A0A+565546]
	GetHandleVerifier [0x00D05680+560544]
	Ordinal0 [0x00C09A5C+1808988]
	Ordinal0 [0x00C0E3A8+1827752]
	Ordinal0 [0x00C0E495+1827989]
	Ordinal0 [0x00C180A4+1867940]
	BaseThreadInitThunk [0x7755FA29+25]
	RtlGetAppContainerNamedObjectPath [0x776A7B5E+286]
	RtlGetAppContainerNamedObjectPath [0x776A7B2E+238]
">
      <![CDATA[org.openqa.selenium.SessionNotCreatedException: session not created: This version of ChromeDriver only supports Chrome version 105
Current browser version is 107.0.5304.88 with binary path C:\Program Files (x86)\Google\Chrome\Application\chrome.exe
Build info: version: '3.141.59', revision: 'e82be7d358', time: '2018-11-14T08:17:03'
System info: host: 'DESKTOP-O07KPJ2', ip: '192.168.81.120', os.name: 'Windows 10', os.arch: 'amd64', os.version: '10.0', java.version: '19'
Driver info: driver.version: ChromeDriver
remote stacktrace: Backtrace:
Ordinal0 [0x00C6DF13+2219795]
Ordinal0 [0x00C02841+1779777]
Ordinal0 [0x00B1423D+803389]
Ordinal0 [0x00B364AC+943276]
Ordinal0 [0x00B319F0+924144]
Ordinal0 [0x00B2F179+913785]
Ordinal0 [0x00B636B9+1128121]
Ordinal0 [0x00B6331A+1127194]
Ordinal0 [0x00B5E616+1107478]
Ordinal0 [0x00B37F89+950153]
Ordinal0 [0x00B38F56+954198]
GetHandleVerifier [0x00F62CB2+3040210]
GetHandleVerifier [0x00F52BB4+2974420]
GetHandleVerifier [0x00D06A0A+565546]
GetHandleVerifier [0x00D05680+560544]
Ordinal0 [0x00C09A5C+1808988]
Ordinal0 [0x00C0E3A8+1827752]
Ordinal0 [0x00C0E495+1827989]
Ordinal0 [0x00C180A4+1867940]
BaseThreadInitThunk [0x7755FA29+25]
RtlGetAppContainerNamedObjectPath [0x776A7B5E+286]
RtlGetAppContainerNamedObjectPath [0x776A7B2E+238]

at java.base/jdk.internal.reflect.DirectConstructorHandleAccessor.newInstance(DirectConstructorHandleAccessor.java:67)
at java.base/java.lang.reflect.Constructor.newInstanceWithCaller(Constructor.java:500)
at java.base/java.lang.reflect.Constructor.newInstance(Constructor.java:484)
at org.openqa.selenium.remote.W3CHandshakeResponse.lambda$errorHandler$0(W3CHandshakeResponse.java:62)
at org.openqa.selenium.remote.HandshakeResponse.lambda$getResponseFunction$0(HandshakeResponse.java:30)
at org.openqa.selenium.remote.ProtocolHandshake.lambda$createSession$0(ProtocolHandshake.java:126)
at java.base/java.util.stream.ReferencePipeline$3$1.accept(ReferencePipeline.java:197)
at java.base/java.util.Spliterators$ArraySpliterator.tryAdvance(Spliterators.java:1016)
at java.base/java.util.stream.ReferencePipeline.forEachWithCancel(ReferencePipeline.java:129)
at java.base/java.util.stream.AbstractPipeline.copyIntoWithCancel(AbstractPipeline.java:527)
at java.base/java.util.stream.AbstractPipeline.copyInto(AbstractPipeline.java:513)
at java.base/java.util.stream.AbstractPipeline.wrapAndCopyInto(AbstractPipeline.java:499)
at java.base/java.util.stream.FindOps$FindOp.evaluateSequential(FindOps.java:150)
at java.base/java.util.stream.AbstractPipeline.evaluate(AbstractPipeline.java:234)
at java.base/java.util.stream.ReferencePipeline.findFirst(ReferencePipeline.java:647)
at org.openqa.selenium.remote.ProtocolHandshake.createSession(ProtocolHandshake.java:128)
at org.openqa.selenium.remote.ProtocolHandshake.createSession(ProtocolHandshake.java:74)
at org.openqa.selenium.remote.HttpCommandExecutor.execute(HttpCommandExecutor.java:136)
at org.openqa.selenium.remote.service.DriverCommandExecutor.execute(DriverCommandExecutor.java:83)
at org.openqa.selenium.remote.RemoteWebDriver.execute(RemoteWebDriver.java:552)
at org.openqa.selenium.remote.RemoteWebDriver.startSession(RemoteWebDriver.java:213)
at org.openqa.selenium.remote.RemoteWebDriver.<init>(RemoteWebDriver.java:131)
at org.openqa.selenium.chrome.ChromeDriver.<init>(ChromeDriver.java:181)
at org.openqa.selenium.chrome.ChromeDriver.<init>(ChromeDriver.java:168)
at org.openqa.selenium.chrome.ChromeDriver.<init>(ChromeDriver.java:123)
at FlipkartTest.TestLogin.openBrowser(TestLogin.java:34)
at java.base/jdk.internal.reflect.DirectMethodHandleAccessor.invoke(DirectMethodHandleAccessor.java:104)
at java.base/java.lang.reflect.Method.invoke(Method.java:578)
at org.testng.internal.MethodInvocationHelper.invokeMethod(MethodInvocationHelper.java:133)
at org.testng.internal.MethodInvocationHelper.invokeMethodConsideringTimeout(MethodInvocationHelper.java:62)
at org.testng.internal.ConfigInvoker.invokeConfigurationMethod(ConfigInvoker.java:385)
at org.testng.internal.ConfigInvoker.invokeConfigurations(ConfigInvoker.java:321)
at org.testng.internal.TestMethodWorker.invokeBeforeClassMethods(TestMethodWorker.java:176)
at org.testng.internal.TestMethodWorker.run(TestMethodWorker.java:122)
at java.base/java.util.ArrayList.forEach(ArrayList.java:1511)
at org.testng.TestRunner.privateRun(TestRunner.java:794)
at org.testng.TestRunner.run(TestRunner.java:596)
at org.testng.SuiteRunner.runTest(SuiteRunner.java:377)
at org.testng.SuiteRunner.runSequentially(SuiteRunner.java:371)
at org.testng.SuiteRunner.privateRun(SuiteRunner.java:332)
at org.testng.SuiteRunner.run(SuiteRunner.java:276)
at org.testng.SuiteRunnerWorker.runSuite(SuiteRunnerWorker.java:53)
at org.testng.SuiteRunnerWorker.run(SuiteRunnerWorker.java:96)
at org.testng.TestNG.runSuitesSequentially(TestNG.java:1212)
at org.testng.TestNG.runSuitesLocally(TestNG.java:1134)
at org.testng.TestNG.runSuites(TestNG.java:1063)
at org.testng.TestNG.run(TestNG.java:1031)
at org.testng.remote.AbstractRemoteTestNG.run(AbstractRemoteTestNG.java:115)
at org.testng.remote.RemoteTestNG.initAndRun(RemoteTestNG.java:251)
at org.testng.remote.RemoteTestNG.main(RemoteTestNG.java:77)
]]>
    </failure>
  </testcase> <!-- @BeforeClass openBrowser -->
  <testcase classname="FlipkartTest.TestLogin" name="@BeforeMethod signIn" time="-1.667654217202E9">
    <skipped/>
  </testcase> <!-- @BeforeMethod signIn -->
  <testcase classname="FlipkartTest.TestLogin" name="@AfterMethod afterFlip" time="-1.66765421723E9">
    <skipped/>
  </testcase> <!-- @AfterMethod afterFlip -->
  <testcase classname="FlipkartTest.TestLogin" name="@AfterClass close" time="-1.66765421724E9">
    <skipped/>
  </testcase> <!-- @AfterClass close -->
  <testcase classname="FlipkartTest.TestLogin" name="testFlip" time="0.0">
    <skipped/>
  </testcase> <!-- testFlip -->
</testsuite> <!-- Default test -->
